{"uid":"b7256a47d9075f1d","name":"This test should fail","fullName":"Failing tests @fail.This test should fail","historyId":"252b6c369ee17be33fc0d4919bc22156","time":{"start":1674057329133,"stop":1674057330856,"duration":1723},"description":"","descriptionHtml":"","status":"failed","statusMessage":"don't worry, this test is suppose to fail everytime: expected false to be true","statusTrace":"AssertionError: don't worry, this test is suppose to fail everytime: expected false to be true\n                    at chaiWrapper.assertTrue (/home/runner/work/codecept_webdriver_framework/codecept_webdriver_framework/node_modules/codeceptjs-chai/index.js:292:54)\n                    at Step.run (/home/runner/work/codecept_webdriver_framework/codecept_webdriver_framework/node_modules/codeceptjs/lib/step.js:122:47)\n                    at /home/runner/work/codecept_webdriver_framework/codecept_webdriver_framework/node_modules/codeceptjs/lib/actor.js:134:23","flaky":false,"newFailed":false,"newBroken":false,"newPassed":false,"retriesCount":0,"retriesStatusChange":false,"beforeStages":[],"testStage":{"status":"failed","statusMessage":"don't worry, this test is suppose to fail everytime: expected false to be true","statusTrace":"AssertionError: don't worry, this test is suppose to fail everytime: expected false to be true\n                    at chaiWrapper.assertTrue (/home/runner/work/codecept_webdriver_framework/codecept_webdriver_framework/node_modules/codeceptjs-chai/index.js:292:54)\n                    at Step.run (/home/runner/work/codecept_webdriver_framework/codecept_webdriver_framework/node_modules/codeceptjs/lib/step.js:122:47)\n                    at /home/runner/work/codecept_webdriver_framework/codecept_webdriver_framework/node_modules/codeceptjs/lib/actor.js:134:23","steps":[{"name":"don't worry, this test is suppose to fail everytime","time":{"start":1674057330134,"stop":1674057330134,"duration":0},"status":"passed","steps":[],"attachments":[],"parameters":[],"stepsCount":0,"attachmentsCount":0,"shouldDisplayMessage":false,"hasContent":false},{"name":"Given This tests is suppose to fail ","time":{"start":1674057330135,"stop":1674057330856,"duration":721},"status":"failed","statusMessage":"AssertionError: don't worry, this test is suppose to fail everytime: expected false to be true\n                    at chaiWrapper.assertTrue (/home/runner/work/codecept_webdriver_framework/codecept_webdriver_framework/node_modules/codeceptjs-chai/index.js:292:54)\n                    at Step.run (/home/runner/work/codecept_webdriver_framework/codecept_webdriver_framework/node_modules/codeceptjs/lib/step.js:122:47)\n                    at /home/runner/work/codecept_webdriver_framework/codecept_webdriver_framework/node_modules/codeceptjs/lib/actor.js:134:23","steps":[{"name":"I assert true , \"don't worry, this test is suppose to fail everytime\"","time":{"start":1674057330136,"stop":1674057330855,"duration":719},"status":"failed","statusMessage":"AssertionError: don't worry, this test is suppose to fail everytime: expected false to be true\n                    at chaiWrapper.assertTrue (/home/runner/work/codecept_webdriver_framework/codecept_webdriver_framework/node_modules/codeceptjs-chai/index.js:292:54)\n                    at Step.run (/home/runner/work/codecept_webdriver_framework/codecept_webdriver_framework/node_modules/codeceptjs/lib/step.js:122:47)\n                    at /home/runner/work/codecept_webdriver_framework/codecept_webdriver_framework/node_modules/codeceptjs/lib/actor.js:134:23","steps":[],"attachments":[],"parameters":[],"stepsCount":0,"attachmentsCount":0,"shouldDisplayMessage":true,"hasContent":true}],"attachments":[],"parameters":[],"stepsCount":1,"attachmentsCount":0,"shouldDisplayMessage":false,"hasContent":true}],"attachments":[{"uid":"5ee0b36b71d60cb","name":"Last Seen Screenshot","source":"5ee0b36b71d60cb.png","type":"image/png","size":3249}],"parameters":[],"stepsCount":3,"attachmentsCount":1,"shouldDisplayMessage":true,"hasContent":true},"afterStages":[],"labels":[{"name":"tag","value":"@fail"},{"name":"suite","value":"Failing tests @fail"},{"name":"testClass","value":"Failing tests @fail"},{"name":"testMethod","value":"This test should fail"},{"name":"package","value":"Failing tests @fail"},{"name":"resultFormat","value":"allure1"}],"parameters":[],"links":[],"hidden":false,"retry":false,"extra":{"severity":"normal","retries":[],"categories":[{"name":"Product defects","matchedStatuses":[],"flaky":false}],"history":{"statistic":{"failed":2,"broken":0,"skipped":0,"passed":0,"unknown":0,"total":2},"items":[{"uid":"d92e562136a84cd6","reportUrl":"https://murtaza9teen91.github.io/codecept_webdriver_framework/test_matrix_reports_ghp/39//#testresult/d92e562136a84cd6","status":"failed","statusDetails":"don't worry, this test is suppose to fail everytime: expected false to be true","time":{"start":1671280901525,"stop":1671280906793,"duration":5268}}]},"tags":["@fail"]},"source":"b7256a47d9075f1d.json","parameterValues":[]}