{"uid":"d92e562136a84cd6","name":"This test should fail","fullName":"Failing tests @fail.This test should fail","historyId":"252b6c369ee17be33fc0d4919bc22156","time":{"start":1671280901525,"stop":1671280906793,"duration":5268},"description":"","descriptionHtml":"","status":"failed","statusMessage":"don't worry, this test is suppose to fail everytime: expected false to be true","statusTrace":"AssertionError: don't worry, this test is suppose to fail everytime: expected false to be true\n                    at chaiWrapper.assertTrue (/home/runner/work/codecept_webdriver_framework/codecept_webdriver_framework/node_modules/codeceptjs-chai/index.js:292:54)\n                    at Step.run (/home/runner/work/codecept_webdriver_framework/codecept_webdriver_framework/node_modules/codeceptjs/lib/step.js:122:47)\n                    at /home/runner/work/codecept_webdriver_framework/codecept_webdriver_framework/node_modules/codeceptjs/lib/actor.js:134:23","flaky":false,"newFailed":false,"newBroken":false,"newPassed":false,"retriesCount":0,"retriesStatusChange":false,"beforeStages":[],"testStage":{"status":"failed","statusMessage":"don't worry, this test is suppose to fail everytime: expected false to be true","statusTrace":"AssertionError: don't worry, this test is suppose to fail everytime: expected false to be true\n                    at chaiWrapper.assertTrue (/home/runner/work/codecept_webdriver_framework/codecept_webdriver_framework/node_modules/codeceptjs-chai/index.js:292:54)\n                    at Step.run (/home/runner/work/codecept_webdriver_framework/codecept_webdriver_framework/node_modules/codeceptjs/lib/step.js:122:47)\n                    at /home/runner/work/codecept_webdriver_framework/codecept_webdriver_framework/node_modules/codeceptjs/lib/actor.js:134:23","steps":[{"name":"don't worry, this test is suppose to fail everytime","time":{"start":1671280906070,"stop":1671280906071,"duration":1},"status":"passed","steps":[],"attachments":[],"parameters":[],"stepsCount":0,"attachmentsCount":0,"shouldDisplayMessage":false,"hasContent":false},{"name":"Given This tests is suppose to fail ","time":{"start":1671280906072,"stop":1671280906792,"duration":720},"status":"failed","statusMessage":"AssertionError: don't worry, this test is suppose to fail everytime: expected false to be true\n                    at chaiWrapper.assertTrue (/home/runner/work/codecept_webdriver_framework/codecept_webdriver_framework/node_modules/codeceptjs-chai/index.js:292:54)\n                    at Step.run (/home/runner/work/codecept_webdriver_framework/codecept_webdriver_framework/node_modules/codeceptjs/lib/step.js:122:47)\n                    at /home/runner/work/codecept_webdriver_framework/codecept_webdriver_framework/node_modules/codeceptjs/lib/actor.js:134:23","steps":[{"name":"I assert true , \"don't worry, this test is suppose to fail everytime\"","time":{"start":1671280906072,"stop":1671280906792,"duration":720},"status":"failed","statusMessage":"AssertionError: don't worry, this test is suppose to fail everytime: expected false to be true\n                    at chaiWrapper.assertTrue (/home/runner/work/codecept_webdriver_framework/codecept_webdriver_framework/node_modules/codeceptjs-chai/index.js:292:54)\n                    at Step.run (/home/runner/work/codecept_webdriver_framework/codecept_webdriver_framework/node_modules/codeceptjs/lib/step.js:122:47)\n                    at /home/runner/work/codecept_webdriver_framework/codecept_webdriver_framework/node_modules/codeceptjs/lib/actor.js:134:23","steps":[],"attachments":[],"parameters":[],"stepsCount":0,"attachmentsCount":0,"shouldDisplayMessage":true,"hasContent":true}],"attachments":[],"parameters":[],"stepsCount":1,"attachmentsCount":0,"shouldDisplayMessage":false,"hasContent":true}],"attachments":[{"uid":"ca9b887aa32becc9","name":"Last Seen Screenshot","source":"ca9b887aa32becc9.png","type":"image/png","size":3249}],"parameters":[],"stepsCount":3,"attachmentsCount":1,"shouldDisplayMessage":true,"hasContent":true},"afterStages":[],"labels":[{"name":"tag","value":"@fail"},{"name":"suite","value":"Failing tests @fail"},{"name":"testClass","value":"Failing tests @fail"},{"name":"testMethod","value":"This test should fail"},{"name":"package","value":"Failing tests @fail"},{"name":"resultFormat","value":"allure1"}],"parameters":[],"links":[],"hidden":false,"retry":false,"extra":{"severity":"normal","retries":[],"categories":[{"name":"Product defects","matchedStatuses":[],"flaky":false}],"tags":["@fail"]},"source":"d92e562136a84cd6.json","parameterValues":[]}